<?xml version="1.0" encoding="UTF-8" ?>
<testsuites>
  <testsuite failures="0" id="0" name="" package="" tests="2">
    <testcase classname="Life of IT developer" name="I am a java developer" time="0.180807">
      <system-out><![CDATA[Given I work in Microsoft..........................................................passed
When I meet Bill Gates...........................................................passed
Then I hesitate...............................................................passed
But He is a good person...........................................................passed
]]></system-out>

    </testcase>

    <testcase classname="Life of IT developer" name="I am a linux developer" time="0.001354">
      <system-out><![CDATA[Given I work in Apple............................................................passed
When I meet Steve Jobs...........................................................passed
Then I scream................................................................passed
But He is a wise person...........................................................passed
]]></system-out>

    </testcase>

  </testsuite>
</testsuites>
